# JRE version: OpenJDK Runtime Environment (17.0.6) (build 17.0.6+0-b2043.56-9586694)
# Java VM: OpenJDK 64-Bit Server VM (17.0.6+0-b2043.56-9586694, mixed mode, tiered, compressed oops, compressed class ptrs, g1 gc, windows-amd64)
GC Precious Log:
 CPUs: 8 total, 8 available
 Memory: 6019M
 Large Page Support: Disabled
 NUMA Support: Disabled
 Compressed Oops: Enabled (Zero based)
 Heap Region Size: 4M
 Heap Min Capacity: 8M
 Heap Initial Capacity: 96M
 Heap Max Capacity: 4608M
 Pre-touch: Disabled
 Parallel Workers: 8
 Concurrent Workers: 2
 Concurrent Refinement Workers: 8
 Periodic GC: Disabled
Heap:
 garbage-first heap   total 81920K, used 48425K [0x00000006e0000000, 0x0000000800000000)
  region size 4096K, 9 young (36864K), 2 survivors (8192K)
 Metaspace       used 39213K, committed 39552K, reserved 1089536K
  class space    used 5154K, committed 5312K, reserved 1048576K
GC Heap History (14 events):
Event: 1.422 GC heap before
{Heap before GC invocations=0 (full 0):
 garbage-first heap   total 98304K, used 28672K [0x00000006e0000000, 0x0000000800000000)
  region size 4096K, 5 young (20480K), 0 survivors (0K)
 Metaspace       used 9786K, committed 9920K, reserved 1064960K
  class space    used 984K, committed 1024K, reserved 1048576K
}
Event: 1.431 GC heap after
{Heap after GC invocations=1 (full 0):
 garbage-first heap   total 98304K, used 9720K [0x00000006e0000000, 0x0000000800000000)
  region size 4096K, 1 young (4096K), 1 survivors (4096K)
 Metaspace       used 9786K, committed 9920K, reserved 1064960K
  class space    used 984K, committed 1024K, reserved 1048576K
}
Event: 2.053 GC heap before
{Heap before GC invocations=1 (full 0):
 garbage-first heap   total 98304K, used 26104K [0x00000006e0000000, 0x0000000800000000)
  region size 4096K, 5 young (20480K), 1 survivors (4096K)
 Metaspace       used 11128K, committed 11328K, reserved 1064960K
  class space    used 1162K, committed 1280K, reserved 1048576K
}
Event: 2.059 GC heap after
{Heap after GC invocations=2 (full 0):
 garbage-first heap   total 98304K, used 10880K [0x00000006e0000000, 0x0000000800000000)
  region size 4096K, 1 young (4096K), 1 survivors (4096K)
 Metaspace       used 11128K, committed 11328K, reserved 1064960K
  class space    used 1162K, committed 1280K, reserved 1048576K
}
Event: 3.022 GC heap before
{Heap before GC invocations=2 (full 0):
 garbage-first heap   total 98304K, used 39552K [0x00000006e0000000, 0x0000000800000000)
  region size 4096K, 9 young (36864K), 1 survivors (4096K)
 Metaspace       used 15198K, committed 15424K, reserved 1064960K
  class space    used 1745K, committed 1856K, reserved 1048576K
}
Event: 3.028 GC heap after
{Heap after GC invocations=3 (full 0):
 garbage-first heap   total 98304K, used 16136K [0x00000006e0000000, 0x0000000800000000)
  region size 4096K, 2 young (8192K), 2 survivors (8192K)
 Metaspace       used 15198K, committed 15424K, reserved 1064960K
  class space    used 1745K, committed 1856K, reserved 1048576K
}
Event: 4.768 GC heap before
{Heap before GC invocations=3 (full 0):
 garbage-first heap   total 98304K, used 36616K [0x00000006e0000000, 0x0000000800000000)
  region size 4096K, 8 young (32768K), 2 survivors (8192K)
 Metaspace       used 21353K, committed 21504K, reserved 1073152K
  class space    used 2609K, committed 2688K, reserved 1048576K
}
Event: 4.774 GC heap after
{Heap after GC invocations=4 (full 0):
 garbage-first heap   total 98304K, used 18381K [0x00000006e0000000, 0x0000000800000000)
  region size 4096K, 1 young (4096K), 1 survivors (4096K)
 Metaspace       used 21353K, committed 21504K, reserved 1073152K
  class space    used 2609K, committed 2688K, reserved 1048576K
}
Event: 174.953 GC heap before
{Heap before GC invocations=5 (full 0):
 garbage-first heap   total 81920K, used 59341K [0x00000006e0000000, 0x0000000800000000)
  region size 4096K, 11 young (45056K), 1 survivors (4096K)
 Metaspace       used 28001K, committed 28288K, reserved 1081344K
  class space    used 3702K, committed 3840K, reserved 1048576K
}
Event: 174.984 GC heap after
{Heap after GC invocations=6 (full 0):
 garbage-first heap   total 81920K, used 20987K [0x00000006e0000000, 0x0000000800000000)
  region size 4096K, 2 young (8192K), 2 survivors (8192K)
 Metaspace       used 28001K, committed 28288K, reserved 1081344K
  class space    used 3702K, committed 3840K, reserved 1048576K
}
Event: 176.028 GC heap before
{Heap before GC invocations=6 (full 0):
 garbage-first heap   total 81920K, used 53755K [0x00000006e0000000, 0x0000000800000000)
  region size 4096K, 10 young (40960K), 2 survivors (8192K)
 Metaspace       used 32576K, committed 32832K, reserved 1081344K
  class space    used 4450K, committed 4544K, reserved 1048576K
}
Event: 176.034 GC heap after
{Heap after GC invocations=7 (full 0):
 garbage-first heap   total 81920K, used 22116K [0x00000006e0000000, 0x0000000800000000)
  region size 4096K, 1 young (4096K), 1 survivors (4096K)
 Metaspace       used 32576K, committed 32832K, reserved 1081344K
  class space    used 4450K, committed 4544K, reserved 1048576K
}
Event: 176.608 GC heap before
{Heap before GC invocations=7 (full 0):
 garbage-first heap   total 81920K, used 30308K [0x00000006e0000000, 0x0000000800000000)
  region size 4096K, 4 young (16384K), 1 survivors (4096K)
 Metaspace       used 35664K, committed 35968K, reserved 1081344K
  class space    used 4720K, committed 4864K, reserved 1048576K
}
Event: 176.617 GC heap after
{Heap after GC invocations=8 (full 0):
 garbage-first heap   total 81920K, used 23849K [0x00000006e0000000, 0x0000000800000000)
  region size 4096K, 2 young (8192K), 2 survivors (8192K)
 Metaspace       used 35664K, committed 35968K, reserved 1081344K
  class space    used 4720K, committed 4864K, reserved 1048576K
}

