# JRE version: OpenJDK Runtime Environment (17.0.6) (build 17.0.6+0-b2043.56-9586694)
# Java VM: OpenJDK 64-Bit Server VM (17.0.6+0-b2043.56-9586694, mixed mode, tiered, compressed oops, compressed class ptrs, g1 gc, windows-amd64)
GC Precious Log:
 CPUs: 8 total, 8 available
 Memory: 6019M
 Large Page Support: Disabled
 NUMA Support: Disabled
 Compressed Oops: Enabled (Zero based)
 Heap Region Size: 4M
 Heap Min Capacity: 8M
 Heap Initial Capacity: 96M
 Heap Max Capacity: 4608M
 Pre-touch: Disabled
 Parallel Workers: 8
 Concurrent Workers: 2
 Concurrent Refinement Workers: 8
 Periodic GC: Disabled
Heap:
 garbage-first heap   total 860160K, used 638702K [0x00000006e0000000, 0x0000000800000000)
  region size 4096K, 4 young (16384K), 4 survivors (16384K)
 Metaspace       used 156428K, committed 158336K, reserved 1187840K
  class space    used 20738K, committed 21568K, reserved 1048576K
GC Heap History (20 events):
Event: 523.765 GC heap after
{Heap after GC invocations=58 (full 0):
 garbage-first heap   total 860160K, used 469150K [0x00000006e0000000, 0x0000000800000000)
  region size 4096K, 4 young (16384K), 4 survivors (16384K)
 Metaspace       used 124487K, committed 126208K, reserved 1163264K
  class space    used 16329K, committed 17088K, reserved 1048576K
}
Event: 529.790 GC heap before
{Heap before GC invocations=58 (full 0):
 garbage-first heap   total 860160K, used 690334K [0x00000006e0000000, 0x0000000800000000)
  region size 4096K, 59 young (241664K), 4 survivors (16384K)
 Metaspace       used 136480K, committed 138304K, reserved 1171456K
  class space    used 17823K, committed 18624K, reserved 1048576K
}
Event: 529.830 GC heap after
{Heap after GC invocations=59 (full 0):
 garbage-first heap   total 860160K, used 488090K [0x00000006e0000000, 0x0000000800000000)
  region size 4096K, 8 young (32768K), 8 survivors (32768K)
 Metaspace       used 136480K, committed 138304K, reserved 1171456K
  class space    used 17823K, committed 18624K, reserved 1048576K
}
Event: 534.369 GC heap before
{Heap before GC invocations=59 (full 0):
 garbage-first heap   total 860160K, used 696986K [0x00000006e0000000, 0x0000000800000000)
  region size 4096K, 60 young (245760K), 8 survivors (32768K)
 Metaspace       used 138746K, committed 140608K, reserved 1171456K
  class space    used 18040K, committed 18880K, reserved 1048576K
}
Event: 534.415 GC heap after
{Heap after GC invocations=60 (full 0):
 garbage-first heap   total 860160K, used 491103K [0x00000006e0000000, 0x0000000800000000)
  region size 4096K, 4 young (16384K), 4 survivors (16384K)
 Metaspace       used 138746K, committed 140608K, reserved 1171456K
  class space    used 18040K, committed 18880K, reserved 1048576K
}
Event: 539.740 GC heap before
{Heap before GC invocations=60 (full 0):
 garbage-first heap   total 860160K, used 699999K [0x00000006e0000000, 0x0000000800000000)
  region size 4096K, 56 young (229376K), 4 survivors (16384K)
 Metaspace       used 139261K, committed 141120K, reserved 1171456K
  class space    used 18049K, committed 18880K, reserved 1048576K
}
Event: 539.759 GC heap after
{Heap after GC invocations=61 (full 0):
 garbage-first heap   total 860160K, used 505065K [0x00000006e0000000, 0x0000000800000000)
  region size 4096K, 7 young (28672K), 7 survivors (28672K)
 Metaspace       used 139261K, committed 141120K, reserved 1171456K
  class space    used 18049K, committed 18880K, reserved 1048576K
}
Event: 544.762 GC heap before
{Heap before GC invocations=61 (full 0):
 garbage-first heap   total 860160K, used 677097K [0x00000006e0000000, 0x0000000800000000)
  region size 4096K, 48 young (196608K), 7 survivors (28672K)
 Metaspace       used 139715K, committed 141568K, reserved 1171456K
  class space    used 18089K, committed 18944K, reserved 1048576K
}
Event: 544.780 GC heap after
{Heap after GC invocations=62 (full 0):
 garbage-first heap   total 860160K, used 518947K [0x00000006e0000000, 0x0000000800000000)
  region size 4096K, 5 young (20480K), 5 survivors (20480K)
 Metaspace       used 139715K, committed 141568K, reserved 1171456K
  class space    used 18089K, committed 18944K, reserved 1048576K
}
Event: 550.079 GC heap before
{Heap before GC invocations=63 (full 0):
 garbage-first heap   total 860160K, used 727843K [0x00000006e0000000, 0x0000000800000000)
  region size 4096K, 52 young (212992K), 5 survivors (20480K)
 Metaspace       used 147854K, committed 149696K, reserved 1179648K
  class space    used 19453K, committed 20288K, reserved 1048576K
}
Event: 550.157 GC heap after
{Heap after GC invocations=64 (full 0):
 garbage-first heap   total 860160K, used 548245K [0x00000006e0000000, 0x0000000800000000)
  region size 4096K, 7 young (28672K), 7 survivors (28672K)
 Metaspace       used 147854K, committed 149696K, reserved 1179648K
  class space    used 19453K, committed 20288K, reserved 1048576K
}
Event: 550.330 GC heap before
{Heap before GC invocations=64 (full 0):
 garbage-first heap   total 860160K, used 572821K [0x00000006e0000000, 0x0000000800000000)
  region size 4096K, 11 young (45056K), 7 survivors (28672K)
 Metaspace       used 148819K, committed 150656K, reserved 1179648K
  class space    used 19645K, committed 20480K, reserved 1048576K
}
Event: 550.465 GC heap after
{Heap after GC invocations=65 (full 0):
 garbage-first heap   total 860160K, used 499967K [0x00000006e0000000, 0x0000000800000000)
  region size 4096K, 1 young (4096K), 1 survivors (4096K)
 Metaspace       used 148819K, committed 150656K, reserved 1179648K
  class space    used 19645K, committed 20480K, reserved 1048576K
}
Event: 552.681 GC heap before
{Heap before GC invocations=65 (full 0):
 garbage-first heap   total 860160K, used 692479K [0x00000006e0000000, 0x0000000800000000)
  region size 4096K, 48 young (196608K), 1 survivors (4096K)
 Metaspace       used 154646K, committed 156480K, reserved 1187840K
  class space    used 20543K, committed 21376K, reserved 1048576K
}
Event: 552.733 GC heap after
{Heap after GC invocations=66 (full 0):
 garbage-first heap   total 860160K, used 539947K [0x00000006e0000000, 0x0000000800000000)
  region size 4096K, 6 young (24576K), 6 survivors (24576K)
 Metaspace       used 154646K, committed 156480K, reserved 1187840K
  class space    used 20543K, committed 21376K, reserved 1048576K
}
Event: 553.657 GC heap before
{Heap before GC invocations=66 (full 0):
 garbage-first heap   total 860160K, used 691499K [0x00000006e0000000, 0x0000000800000000)
  region size 4096K, 44 young (180224K), 6 survivors (24576K)
 Metaspace       used 155513K, committed 157440K, reserved 1187840K
  class space    used 20656K, committed 21504K, reserved 1048576K
}
Event: 553.725 GC heap after
{Heap after GC invocations=67 (full 0):
 garbage-first heap   total 860160K, used 566329K [0x00000006e0000000, 0x0000000800000000)
  region size 4096K, 6 young (24576K), 6 survivors (24576K)
 Metaspace       used 155513K, committed 157440K, reserved 1187840K
  class space    used 20656K, committed 21504K, reserved 1048576K
}
Event: 554.453 GC heap before
{Heap before GC invocations=67 (full 0):
 garbage-first heap   total 860160K, used 697401K [0x00000006e0000000, 0x0000000800000000)
  region size 4096K, 39 young (159744K), 6 survivors (24576K)
 Metaspace       used 156143K, committed 158016K, reserved 1187840K
  class space    used 20716K, committed 21568K, reserved 1048576K
}
Event: 554.539 GC heap after
{Heap after GC invocations=68 (full 0):
 garbage-first heap   total 860160K, used 605934K [0x00000006e0000000, 0x0000000800000000)
  region size 4096K, 5 young (20480K), 5 survivors (20480K)
 Metaspace       used 156143K, committed 158016K, reserved 1187840K
  class space    used 20716K, committed 21568K, reserved 1048576K
}
Event: 555.000 GC heap before
{Heap before GC invocations=68 (full 0):
 garbage-first heap   total 860160K, used 708334K [0x00000006e0000000, 0x0000000800000000)
  region size 4096K, 30 young (122880K), 5 survivors (20480K)
 Metaspace       used 156428K, committed 158336K, reserved 1187840K
  class space    used 20738K, committed 21568K, reserved 1048576K
}

