# JRE version: OpenJDK Runtime Environment (17.0.6) (build 17.0.6+0-b2043.56-9586694)
# Java VM: OpenJDK 64-Bit Server VM (17.0.6+0-b2043.56-9586694, mixed mode, tiered, compressed oops, compressed class ptrs, g1 gc, windows-amd64)
GC Precious Log:
 CPUs: 8 total, 8 available
 Memory: 6019M
 Large Page Support: Disabled
 NUMA Support: Disabled
 Compressed Oops: Enabled (Zero based)
 Heap Region Size: 4M
 Heap Min Capacity: 8M
 Heap Initial Capacity: 96M
 Heap Max Capacity: 4608M
 Pre-touch: Disabled
 Parallel Workers: 8
 Concurrent Workers: 2
 Concurrent Refinement Workers: 8
 Periodic GC: Disabled
Heap:
 garbage-first heap   total 1191936K, used 693994K [0x00000006e0000000, 0x0000000800000000)
  region size 4096K, 7 young (28672K), 7 survivors (28672K)
 Metaspace       used 155732K, committed 157504K, reserved 1187840K
  class space    used 20502K, committed 21248K, reserved 1048576K
GC Heap History (20 events):
Event: 137.348 GC heap after
{Heap after GC invocations=78 (full 0):
 garbage-first heap   total 610304K, used 408651K [0x00000006e0000000, 0x0000000800000000)
  region size 4096K, 1 young (4096K), 1 survivors (4096K)
 Metaspace       used 135581K, committed 137216K, reserved 1171456K
  class space    used 17566K, committed 18240K, reserved 1048576K
}
Event: 138.905 GC heap before
{Heap before GC invocations=78 (full 0):
 garbage-first heap   total 610304K, used 486475K [0x00000006e0000000, 0x0000000800000000)
  region size 4096K, 21 young (86016K), 1 survivors (4096K)
 Metaspace       used 137138K, committed 138816K, reserved 1171456K
  class space    used 17790K, committed 18496K, reserved 1048576K
}
Event: 139.029 GC heap after
{Heap after GC invocations=79 (full 0):
 garbage-first heap   total 610304K, used 416165K [0x00000006e0000000, 0x0000000800000000)
  region size 4096K, 3 young (12288K), 3 survivors (12288K)
 Metaspace       used 137138K, committed 138816K, reserved 1171456K
  class space    used 17790K, committed 18496K, reserved 1048576K
}
Event: 140.299 GC heap before
{Heap before GC invocations=79 (full 0):
 garbage-first heap   total 610304K, used 469413K [0x00000006e0000000, 0x0000000800000000)
  region size 4096K, 18 young (73728K), 3 survivors (12288K)
 Metaspace       used 140372K, committed 142016K, reserved 1179648K
  class space    used 18255K, committed 18944K, reserved 1048576K
}
Event: 140.318 GC heap after
{Heap after GC invocations=80 (full 0):
 garbage-first heap   total 610304K, used 436387K [0x00000006e0000000, 0x0000000800000000)
  region size 4096K, 3 young (12288K), 3 survivors (12288K)
 Metaspace       used 140372K, committed 142016K, reserved 1179648K
  class space    used 18255K, committed 18944K, reserved 1048576K
}
Event: 141.098 GC heap before
{Heap before GC invocations=80 (full 0):
 garbage-first heap   total 868352K, used 518307K [0x00000006e0000000, 0x0000000800000000)
  region size 4096K, 19 young (77824K), 3 survivors (12288K)
 Metaspace       used 143359K, committed 144960K, reserved 1179648K
  class space    used 18755K, committed 19456K, reserved 1048576K
}
Event: 141.119 GC heap after
{Heap after GC invocations=81 (full 0):
 garbage-first heap   total 868352K, used 472099K [0x00000006e0000000, 0x0000000800000000)
  region size 4096K, 3 young (12288K), 3 survivors (12288K)
 Metaspace       used 143359K, committed 144960K, reserved 1179648K
  class space    used 18755K, committed 19456K, reserved 1048576K
}
Event: 143.414 GC heap before
{Heap before GC invocations=82 (full 0):
 garbage-first heap   total 868352K, used 615459K [0x00000006e0000000, 0x0000000800000000)
  region size 4096K, 39 young (159744K), 3 survivors (12288K)
 Metaspace       used 148825K, committed 150464K, reserved 1179648K
  class space    used 19680K, committed 20352K, reserved 1048576K
}
Event: 143.495 GC heap after
{Heap after GC invocations=83 (full 0):
 garbage-first heap   total 868352K, used 510146K [0x00000006e0000000, 0x0000000800000000)
  region size 4096K, 5 young (20480K), 5 survivors (20480K)
 Metaspace       used 148825K, committed 150464K, reserved 1179648K
  class space    used 19680K, committed 20352K, reserved 1048576K
}
Event: 143.895 GC heap before
{Heap before GC invocations=83 (full 0):
 garbage-first heap   total 868352K, used 530626K [0x00000006e0000000, 0x0000000800000000)
  region size 4096K, 11 young (45056K), 5 survivors (20480K)
 Metaspace       used 149506K, committed 151168K, reserved 1179648K
  class space    used 19817K, committed 20544K, reserved 1048576K
}
Event: 143.941 GC heap after
{Heap after GC invocations=84 (full 0):
 garbage-first heap   total 1191936K, used 509124K [0x00000006e0000000, 0x0000000800000000)
  region size 4096K, 1 young (4096K), 1 survivors (4096K)
 Metaspace       used 149506K, committed 151168K, reserved 1179648K
  class space    used 19817K, committed 20544K, reserved 1048576K
}
Event: 146.148 GC heap before
{Heap before GC invocations=84 (full 0):
 garbage-first heap   total 1191936K, used 767172K [0x00000006e0000000, 0x0000000800000000)
  region size 4096K, 66 young (270336K), 1 survivors (4096K)
 Metaspace       used 151282K, committed 153024K, reserved 1187840K
  class space    used 19950K, committed 20672K, reserved 1048576K
}
Event: 146.271 GC heap after
{Heap after GC invocations=85 (full 0):
 garbage-first heap   total 1191936K, used 599984K [0x00000006e0000000, 0x0000000800000000)
  region size 4096K, 8 young (32768K), 8 survivors (32768K)
 Metaspace       used 151282K, committed 153024K, reserved 1187840K
  class space    used 19950K, committed 20672K, reserved 1048576K
}
Event: 147.893 GC heap before
{Heap before GC invocations=85 (full 0):
 garbage-first heap   total 1191936K, used 763824K [0x00000006e0000000, 0x0000000800000000)
  region size 4096K, 49 young (200704K), 8 survivors (32768K)
 Metaspace       used 152259K, committed 153984K, reserved 1187840K
  class space    used 20050K, committed 20800K, reserved 1048576K
}
Event: 147.950 GC heap after
{Heap after GC invocations=86 (full 0):
 garbage-first heap   total 1191936K, used 623171K [0x00000006e0000000, 0x0000000800000000)
  region size 4096K, 5 young (20480K), 5 survivors (20480K)
 Metaspace       used 152259K, committed 153984K, reserved 1187840K
  class space    used 20050K, committed 20800K, reserved 1048576K
}
Event: 149.230 GC heap before
{Heap before GC invocations=86 (full 0):
 garbage-first heap   total 1191936K, used 840259K [0x00000006e0000000, 0x0000000800000000)
  region size 4096K, 59 young (241664K), 5 survivors (20480K)
 Metaspace       used 153211K, committed 154944K, reserved 1187840K
  class space    used 20175K, committed 20928K, reserved 1048576K
}
Event: 149.292 GC heap after
{Heap after GC invocations=87 (full 0):
 garbage-first heap   total 1191936K, used 652839K [0x00000006e0000000, 0x0000000800000000)
  region size 4096K, 8 young (32768K), 8 survivors (32768K)
 Metaspace       used 153211K, committed 154944K, reserved 1187840K
  class space    used 20175K, committed 20928K, reserved 1048576K
}
Event: 150.150 GC heap before
{Heap before GC invocations=87 (full 0):
 garbage-first heap   total 1191936K, used 902695K [0x00000006e0000000, 0x0000000800000000)
  region size 4096K, 69 young (282624K), 8 survivors (32768K)
 Metaspace       used 154264K, committed 155968K, reserved 1187840K
  class space    used 20312K, committed 21056K, reserved 1048576K
}
Event: 150.202 GC heap after
{Heap after GC invocations=88 (full 0):
 garbage-first heap   total 1191936K, used 672757K [0x00000006e0000000, 0x0000000800000000)
  region size 4096K, 6 young (24576K), 6 survivors (24576K)
 Metaspace       used 154264K, committed 155968K, reserved 1187840K
  class space    used 20312K, committed 21056K, reserved 1048576K
}
Event: 151.056 GC heap before
{Heap before GC invocations=88 (full 0):
 garbage-first heap   total 1191936K, used 926709K [0x00000006e0000000, 0x0000000800000000)
  region size 4096K, 69 young (282624K), 6 survivors (24576K)
 Metaspace       used 155732K, committed 157504K, reserved 1187840K
  class space    used 20502K, committed 21248K, reserved 1048576K
}

