# JRE version: OpenJDK Runtime Environment (17.0.6) (build 17.0.6+0-b2043.56-9586694)
# Java VM: OpenJDK 64-Bit Server VM (17.0.6+0-b2043.56-9586694, mixed mode, tiered, compressed oops, compressed class ptrs, g1 gc, windows-amd64)
GC Precious Log:
 CPUs: 8 total, 8 available
 Memory: 6019M
 Large Page Support: Disabled
 NUMA Support: Disabled
 Compressed Oops: Enabled (Zero based)
 Heap Region Size: 4M
 Heap Min Capacity: 8M
 Heap Initial Capacity: 96M
 Heap Max Capacity: 4608M
 Pre-touch: Disabled
 Parallel Workers: 8
 Concurrent Workers: 2
 Concurrent Refinement Workers: 8
 Periodic GC: Disabled
Heap:
 garbage-first heap   total 1134592K, used 852800K [0x00000006e0000000, 0x0000000800000000)
  region size 4096K, 100 young (409600K), 2 survivors (8192K)
 Metaspace       used 153443K, committed 155264K, reserved 1187840K
  class space    used 20320K, committed 21120K, reserved 1048576K
GC Heap History (20 events):
Event: 143.456 GC heap before
{Heap before GC invocations=64 (full 0):
 garbage-first heap   total 466944K, used 321497K [0x00000006e0000000, 0x0000000800000000)
  region size 4096K, 25 young (102400K), 2 survivors (8192K)
 Metaspace       used 109397K, committed 110848K, reserved 1146880K
  class space    used 14531K, committed 15168K, reserved 1048576K
}
Event: 143.470 GC heap after
{Heap after GC invocations=65 (full 0):
 garbage-first heap   total 466944K, used 223393K [0x00000006e0000000, 0x0000000800000000)
  region size 4096K, 3 young (12288K), 3 survivors (12288K)
 Metaspace       used 109397K, committed 110848K, reserved 1146880K
  class space    used 14531K, committed 15168K, reserved 1048576K
}
Event: 143.528 GC heap before
{Heap before GC invocations=65 (full 0):
 garbage-first heap   total 466944K, used 231585K [0x00000006e0000000, 0x0000000800000000)
  region size 4096K, 5 young (20480K), 3 survivors (12288K)
 Metaspace       used 109420K, committed 110912K, reserved 1146880K
  class space    used 14535K, committed 15168K, reserved 1048576K
}
Event: 143.543 GC heap after
{Heap after GC invocations=66 (full 0):
 garbage-first heap   total 466944K, used 223049K [0x00000006e0000000, 0x0000000800000000)
  region size 4096K, 1 young (4096K), 1 survivors (4096K)
 Metaspace       used 109420K, committed 110912K, reserved 1146880K
  class space    used 14535K, committed 15168K, reserved 1048576K
}
Event: 145.515 GC heap before
{Heap before GC invocations=66 (full 0):
 garbage-first heap   total 466944K, used 362313K [0x00000006e0000000, 0x0000000800000000)
  region size 4096K, 36 young (147456K), 1 survivors (4096K)
 Metaspace       used 115096K, committed 116608K, reserved 1155072K
  class space    used 15213K, committed 15872K, reserved 1048576K
}
Event: 145.523 GC heap after
{Heap after GC invocations=67 (full 0):
 garbage-first heap   total 466944K, used 225385K [0x00000006e0000000, 0x0000000800000000)
  region size 4096K, 2 young (8192K), 2 survivors (8192K)
 Metaspace       used 115096K, committed 116608K, reserved 1155072K
  class space    used 15213K, committed 15872K, reserved 1048576K
}
Event: 147.740 GC heap before
{Heap before GC invocations=68 (full 0):
 garbage-first heap   total 466944K, used 368745K [0x00000006e0000000, 0x0000000800000000)
  region size 4096K, 37 young (151552K), 2 survivors (8192K)
 Metaspace       used 117278K, committed 118784K, reserved 1155072K
  class space    used 15450K, committed 16128K, reserved 1048576K
}
Event: 147.758 GC heap after
{Heap after GC invocations=69 (full 0):
 garbage-first heap   total 466944K, used 237905K [0x00000006e0000000, 0x0000000800000000)
  region size 4096K, 5 young (20480K), 5 survivors (20480K)
 Metaspace       used 117278K, committed 118784K, reserved 1155072K
  class space    used 15450K, committed 16128K, reserved 1048576K
}
Event: 147.788 GC heap before
{Heap before GC invocations=69 (full 0):
 garbage-first heap   total 466944K, used 242001K [0x00000006e0000000, 0x0000000800000000)
  region size 4096K, 6 young (24576K), 5 survivors (20480K)
 Metaspace       used 117288K, committed 118848K, reserved 1155072K
  class space    used 15450K, committed 16128K, reserved 1048576K
}
Event: 147.805 GC heap after
{Heap after GC invocations=70 (full 0):
 garbage-first heap   total 466944K, used 224320K [0x00000006e0000000, 0x0000000800000000)
  region size 4096K, 1 young (4096K), 1 survivors (4096K)
 Metaspace       used 117288K, committed 118848K, reserved 1155072K
  class space    used 15450K, committed 16128K, reserved 1048576K
}
Event: 150.561 GC heap before
{Heap before GC invocations=70 (full 0):
 garbage-first heap   total 466944K, used 363584K [0x00000006e0000000, 0x0000000800000000)
  region size 4096K, 36 young (147456K), 1 survivors (4096K)
 Metaspace       used 124789K, committed 126400K, reserved 1163264K
  class space    used 16405K, committed 17088K, reserved 1048576K
}
Event: 150.581 GC heap after
{Heap after GC invocations=71 (full 0):
 garbage-first heap   total 1134592K, used 236053K [0x00000006e0000000, 0x0000000800000000)
  region size 4096K, 4 young (16384K), 4 survivors (16384K)
 Metaspace       used 124789K, committed 126400K, reserved 1163264K
  class space    used 16405K, committed 17088K, reserved 1048576K
}
Event: 169.298 GC heap before
{Heap before GC invocations=71 (full 0):
 garbage-first heap   total 1134592K, used 866837K [0x00000006e0000000, 0x0000000800000000)
  region size 4096K, 159 young (651264K), 4 survivors (16384K)
 Metaspace       used 134935K, committed 136640K, reserved 1171456K
  class space    used 17492K, committed 18240K, reserved 1048576K
}
Event: 169.403 GC heap after
{Heap after GC invocations=72 (full 0):
 garbage-first heap   total 1134592K, used 276390K [0x00000006e0000000, 0x0000000800000000)
  region size 4096K, 14 young (57344K), 14 survivors (57344K)
 Metaspace       used 134935K, committed 136640K, reserved 1171456K
  class space    used 17492K, committed 18240K, reserved 1048576K
}
Event: 176.731 GC heap before
{Heap before GC invocations=72 (full 0):
 garbage-first heap   total 1134592K, used 858022K [0x00000006e0000000, 0x0000000800000000)
  region size 4096K, 108 young (442368K), 14 survivors (57344K)
 Metaspace       used 142330K, committed 143936K, reserved 1179648K
  class space    used 18562K, committed 19264K, reserved 1048576K
}
Event: 176.845 GC heap after
{Heap after GC invocations=73 (full 0):
 garbage-first heap   total 1134592K, used 484414K [0x00000006e0000000, 0x0000000800000000)
  region size 4096K, 16 young (65536K), 16 survivors (65536K)
 Metaspace       used 142330K, committed 143936K, reserved 1179648K
  class space    used 18562K, committed 19264K, reserved 1048576K
}
Event: 181.807 GC heap before
{Heap before GC invocations=74 (full 0):
 garbage-first heap   total 1134592K, used 889918K [0x00000006e0000000, 0x0000000800000000)
  region size 4096K, 114 young (466944K), 16 survivors (65536K)
 Metaspace       used 151664K, committed 153408K, reserved 1187840K
  class space    used 20117K, committed 20928K, reserved 1048576K
}
Event: 181.969 GC heap after
{Heap after GC invocations=75 (full 0):
 garbage-first heap   total 1134592K, used 459460K [0x00000006e0000000, 0x0000000800000000)
  region size 4096K, 15 young (61440K), 15 survivors (61440K)
 Metaspace       used 151664K, committed 153408K, reserved 1187840K
  class space    used 20117K, committed 20928K, reserved 1048576K
}
Event: 182.136 GC heap before
{Heap before GC invocations=75 (full 0):
 garbage-first heap   total 1134592K, used 463556K [0x00000006e0000000, 0x0000000800000000)
  region size 4096K, 16 young (65536K), 15 survivors (61440K)
 Metaspace       used 151677K, committed 153472K, reserved 1187840K
  class space    used 20117K, committed 20928K, reserved 1048576K
}
Event: 182.268 GC heap after
{Heap after GC invocations=76 (full 0):
 garbage-first heap   total 1134592K, used 459584K [0x00000006e0000000, 0x0000000800000000)
  region size 4096K, 2 young (8192K), 2 survivors (8192K)
 Metaspace       used 151677K, committed 153472K, reserved 1187840K
  class space    used 20117K, committed 20928K, reserved 1048576K
}

