# JRE version: OpenJDK Runtime Environment (17.0.6) (build 17.0.6+0-b2043.56-9586694)
# Java VM: OpenJDK 64-Bit Server VM (17.0.6+0-b2043.56-9586694, mixed mode, tiered, compressed oops, compressed class ptrs, g1 gc, windows-amd64)
GC Precious Log:
 CPUs: 8 total, 8 available
 Memory: 6019M
 Large Page Support: Disabled
 NUMA Support: Disabled
 Compressed Oops: Enabled (Zero based)
 Heap Region Size: 4M
 Heap Min Capacity: 8M
 Heap Initial Capacity: 96M
 Heap Max Capacity: 4608M
 Pre-touch: Disabled
 Parallel Workers: 8
 Concurrent Workers: 2
 Concurrent Refinement Workers: 8
 Periodic GC: Disabled
Heap:
 garbage-first heap   total 1572864K, used 681996K [0x00000006e0000000, 0x0000000800000000)
  region size 4096K, 57 young (233472K), 6 survivors (24576K)
 Metaspace       used 124852K, committed 126464K, reserved 1163264K
  class space    used 17420K, committed 18112K, reserved 1048576K
GC Heap History (20 events):
Event: 259.734 GC heap before
{Heap before GC invocations=52 (full 0):
 garbage-first heap   total 442368K, used 305200K [0x00000006e0000000, 0x0000000800000000)
  region size 4096K, 35 young (143360K), 3 survivors (12288K)
 Metaspace       used 99828K, committed 101248K, reserved 1138688K
  class space    used 13633K, committed 14272K, reserved 1048576K
}
Event: 259.753 GC heap after
{Heap after GC invocations=53 (full 0):
 garbage-first heap   total 442368K, used 185805K [0x00000006e0000000, 0x0000000800000000)
  region size 4096K, 5 young (20480K), 5 survivors (20480K)
 Metaspace       used 99828K, committed 101248K, reserved 1138688K
  class space    used 13633K, committed 14272K, reserved 1048576K
}
Event: 261.588 GC heap before
{Heap before GC invocations=53 (full 0):
 garbage-first heap   total 442368K, used 325069K [0x00000006e0000000, 0x0000000800000000)
  region size 4096K, 40 young (163840K), 5 survivors (20480K)
 Metaspace       used 100338K, committed 101824K, reserved 1138688K
  class space    used 13672K, committed 14336K, reserved 1048576K
}
Event: 261.617 GC heap after
{Heap after GC invocations=54 (full 0):
 garbage-first heap   total 442368K, used 199283K [0x00000006e0000000, 0x0000000800000000)
  region size 4096K, 5 young (20480K), 5 survivors (20480K)
 Metaspace       used 100338K, committed 101824K, reserved 1138688K
  class space    used 13672K, committed 14336K, reserved 1048576K
}
Event: 264.829 GC heap before
{Heap before GC invocations=54 (full 0):
 garbage-first heap   total 442368K, used 334451K [0x00000006e0000000, 0x0000000800000000)
  region size 4096K, 39 young (159744K), 5 survivors (20480K)
 Metaspace       used 108842K, committed 110464K, reserved 1146880K
  class space    used 14836K, committed 15552K, reserved 1048576K
}
Event: 264.857 GC heap after
{Heap after GC invocations=55 (full 0):
 garbage-first heap   total 442368K, used 217302K [0x00000006e0000000, 0x0000000800000000)
  region size 4096K, 5 young (20480K), 5 survivors (20480K)
 Metaspace       used 108842K, committed 110464K, reserved 1146880K
  class space    used 14836K, committed 15552K, reserved 1048576K
}
Event: 265.199 GC heap before
{Heap before GC invocations=55 (full 0):
 garbage-first heap   total 442368K, used 229590K [0x00000006e0000000, 0x0000000800000000)
  region size 4096K, 10 young (40960K), 5 survivors (20480K)
 Metaspace       used 108843K, committed 110464K, reserved 1146880K
  class space    used 14836K, committed 15552K, reserved 1048576K
}
Event: 265.213 GC heap after
{Heap after GC invocations=56 (full 0):
 garbage-first heap   total 442368K, used 219898K [0x00000006e0000000, 0x0000000800000000)
  region size 4096K, 2 young (8192K), 2 survivors (8192K)
 Metaspace       used 108843K, committed 110464K, reserved 1146880K
  class space    used 14836K, committed 15552K, reserved 1048576K
}
Event: 269.078 GC heap before
{Heap before GC invocations=57 (full 0):
 garbage-first heap   total 561152K, used 523002K [0x00000006e0000000, 0x0000000800000000)
  region size 4096K, 32 young (131072K), 2 survivors (8192K)
 Metaspace       used 109636K, committed 111168K, reserved 1146880K
  class space    used 14955K, committed 15616K, reserved 1048576K
}
Event: 269.095 GC heap after
{Heap after GC invocations=58 (full 0):
 garbage-first heap   total 561152K, used 394930K [0x00000006e0000000, 0x0000000800000000)
  region size 4096K, 5 young (20480K), 5 survivors (20480K)
 Metaspace       used 109636K, committed 111168K, reserved 1146880K
  class space    used 14955K, committed 15616K, reserved 1048576K
}
Event: 269.125 GC heap before
{Heap before GC invocations=58 (full 0):
 garbage-first heap   total 561152K, used 394930K [0x00000006e0000000, 0x0000000800000000)
  region size 4096K, 7 young (28672K), 5 survivors (20480K)
 Metaspace       used 109669K, committed 111168K, reserved 1146880K
  class space    used 14960K, committed 15616K, reserved 1048576K
}
Event: 269.138 GC heap after
{Heap after GC invocations=59 (full 0):
 garbage-first heap   total 561152K, used 395998K [0x00000006e0000000, 0x0000000800000000)
  region size 4096K, 1 young (4096K), 1 survivors (4096K)
 Metaspace       used 109669K, committed 111168K, reserved 1146880K
  class space    used 14960K, committed 15616K, reserved 1048576K
}
Event: 270.489 GC heap before
{Heap before GC invocations=59 (full 0):
 garbage-first heap   total 561152K, used 469726K [0x00000006e0000000, 0x0000000800000000)
  region size 4096K, 18 young (73728K), 1 survivors (4096K)
 Metaspace       used 112890K, committed 114432K, reserved 1155072K
  class space    used 15456K, committed 16128K, reserved 1048576K
}
Event: 270.500 GC heap after
{Heap after GC invocations=60 (full 0):
 garbage-first heap   total 561152K, used 426382K [0x00000006e0000000, 0x0000000800000000)
  region size 4096K, 3 young (12288K), 3 survivors (12288K)
 Metaspace       used 112890K, committed 114432K, reserved 1155072K
  class space    used 15456K, committed 16128K, reserved 1048576K
}
Event: 271.456 GC heap before
{Heap before GC invocations=61 (full 0):
 garbage-first heap   total 786432K, used 483726K [0x00000006e0000000, 0x0000000800000000)
  region size 4096K, 13 young (53248K), 3 survivors (12288K)
 Metaspace       used 116309K, committed 117824K, reserved 1155072K
  class space    used 15963K, committed 16640K, reserved 1048576K
}
Event: 271.477 GC heap after
{Heap after GC invocations=62 (full 0):
 garbage-first heap   total 786432K, used 442191K [0x00000006e0000000, 0x0000000800000000)
  region size 4096K, 2 young (8192K), 2 survivors (8192K)
 Metaspace       used 116309K, committed 117824K, reserved 1155072K
  class space    used 15963K, committed 16640K, reserved 1048576K
}
Event: 271.864 GC heap before
{Heap before GC invocations=62 (full 0):
 garbage-first heap   total 786432K, used 470863K [0x00000006e0000000, 0x0000000800000000)
  region size 4096K, 9 young (36864K), 2 survivors (8192K)
 Metaspace       used 118293K, committed 119808K, reserved 1155072K
  class space    used 16408K, committed 17088K, reserved 1048576K
}
Event: 271.890 GC heap after
{Heap after GC invocations=63 (full 0):
 garbage-first heap   total 786432K, used 447952K [0x00000006e0000000, 0x0000000800000000)
  region size 4096K, 2 young (8192K), 2 survivors (8192K)
 Metaspace       used 118293K, committed 119808K, reserved 1155072K
  class space    used 16408K, committed 17088K, reserved 1048576K
}
Event: 273.809 GC heap before
{Heap before GC invocations=63 (full 0):
 garbage-first heap   total 786432K, used 603600K [0x00000006e0000000, 0x0000000800000000)
  region size 4096K, 41 young (167936K), 2 survivors (8192K)
 Metaspace       used 122886K, committed 124480K, reserved 1163264K
  class space    used 17145K, committed 17856K, reserved 1048576K
}
Event: 273.887 GC heap after
{Heap after GC invocations=64 (full 0):
 garbage-first heap   total 1572864K, used 481292K [0x00000006e0000000, 0x0000000800000000)
  region size 4096K, 6 young (24576K), 6 survivors (24576K)
 Metaspace       used 122886K, committed 124480K, reserved 1163264K
  class space    used 17145K, committed 17856K, reserved 1048576K
}

